# JRE version: OpenJDK Runtime Environment Zulu25.32+17-CA (25.0.2+10) (build 25.0.2+10-LTS)
# Java VM: OpenJDK 64-Bit Server VM Zulu25.32+17-CA (25.0.2+10-LTS, mixed mode, sharing, tiered, compressed oops, compressed class ptrs, g1 gc, linux-amd64)
GC Precious Log:
 CardTable entry size: 512
 Card Set container configuration: InlinePtr #cards 4 size 8 Array Of Cards #cards 16 size 48 Howl #buckets 8 coarsen threshold 3686 Howl Bitmap #cards 512 size 80 coarsen threshold 460 Card regions per heap region 1 cards per card region 4096
 CPUs: 16 total, 16 available
 Memory: 15916M
 Large Page Support: Disabled
 NUMA Support: Disabled
 Compressed Oops: Enabled (Zero based)
 Heap Region Size: 2M
 Heap Min Capacity: 8M
 Heap Initial Capacity: 250M
 Heap Max Capacity: 3980M
 Pre-touch: Disabled
 Parallel Workers: 13
 Concurrent Workers: 3
 Concurrent Refinement Workers: 13
 Periodic GC: Disabled
Heap:
 garbage-first heap   total reserved 4075520K, committed 180224K, used 87787K [0x0000000707400000, 0x0000000800000000)
  region size 2048K, 16 young (32768K), 7 survivors (14336K)
GC Heap Usage History (10 events):
Event: 0.539 {heap Before GC invocations=0 (full 0):
 garbage-first heap   total reserved 4075520K, committed 258048K, used 54413K [0x0000000707400000, 0x0000000800000000)
  region size 2048K, 24 young (49152K), 0 survivors (0K)
}
Event: 0.544 {heap After GC invocations=1 (full 0):
 garbage-first heap   total reserved 4075520K, committed 258048K, used 12189K [0x0000000707400000, 0x0000000800000000)
  region size 2048K, 3 young (6144K), 3 survivors (6144K)
}
Event: 0.931 {heap Before GC invocations=1 (full 0):
 garbage-first heap   total reserved 4075520K, committed 258048K, used 114589K [0x0000000707400000, 0x0000000800000000)
  region size 2048K, 53 young (108544K), 3 survivors (6144K)
}
Event: 0.956 {heap After GC invocations=2 (full 0):
 garbage-first heap   total reserved 4075520K, committed 258048K, used 46642K [0x0000000707400000, 0x0000000800000000)
  region size 2048K, 7 young (14336K), 7 survivors (14336K)
}
Event: 1.423 {heap Before GC invocations=2 (full 0):
 garbage-first heap   total reserved 4075520K, committed 258048K, used 142898K [0x0000000707400000, 0x0000000800000000)
  region size 2048K, 54 young (110592K), 7 survivors (14336K)
}
Event: 1.430 {heap After GC invocations=3 (full 0):
 garbage-first heap   total reserved 4075520K, committed 258048K, used 52158K [0x0000000707400000, 0x0000000800000000)
  region size 2048K, 4 young (8192K), 4 survivors (8192K)
}
Event: 1.479 {heap Before GC invocations=3 (full 0):
 garbage-first heap   total reserved 4075520K, committed 258048K, used 56254K [0x0000000707400000, 0x0000000800000000)
  region size 2048K, 7 young (14336K), 4 survivors (8192K)
}
Event: 1.483 {heap After GC invocations=4 (full 0):
 garbage-first heap   total reserved 4075520K, committed 258048K, used 52365K [0x0000000707400000, 0x0000000800000000)
  region size 2048K, 4 young (8192K), 4 survivors (8192K)
}
Event: 41.842 {heap Before GC invocations=5 (full 0):
 garbage-first heap   total reserved 4075520K, committed 178176K, used 150669K [0x0000000707400000, 0x0000000800000000)
  region size 2048K, 52 young (106496K), 4 survivors (8192K)
}
Event: 41.867 {heap After GC invocations=6 (full 0):
 garbage-first heap   total reserved 4075520K, committed 180224K, used 71403K [0x0000000707400000, 0x0000000800000000)
  region size 2048K, 7 young (14336K), 7 survivors (14336K)
}

